<?xml version="1.0" encoding="UTF-8"?>
<testsuite xmlns:xsi="http://www.w3.org/2001/XMLSchema-instance" xsi:noNamespaceSchemaLocation="https://maven.apache.org/surefire/maven-surefire-plugin/xsd/surefire-test-report-3.0.xsd" version="3.0" name="com.attia12.discovery.DiscoveryApplicationTests" time="7.844" tests="1" errors="0" skipped="0" failures="0">
  <properties>
[...]
</properties>
  <testcase name="contextLoads" classname="com.attia12.discovery.DiscoveryApplicationTests" time="1.701">
    <system-out><![CDATA[Standard Commons Logging discovery in action with spring-jcl: please remove commons-logging.jar from classpath in order to avoid potential conflicts
03:59:03.714 [main] INFO org.springframework.test.context.support.AnnotationConfigContextLoaderUtils -- Could not detect default configuration classes for test class [com.attia12.discovery.DiscoveryApplicationTests]: DiscoveryApplicationTests does not declare any static, non-private, non-final, nested classes annotated with @Configuration.
03:59:03.829 [main] INFO org.springframework.boot.test.context.SpringBootTestContextBootstrapper -- Found @SpringBootConfiguration com.attia12.discovery.DiscoveryApplication for test class com.attia12.discovery.DiscoveryApplicationTests

  .   ____          _            __ _ _
 /\\ / ___'_ __ _ _(_)_ __  __ _ \ \ \ \
( ( )\___ | '_ | '_| | '_ \/ _` | \ \ \ \
 \\/  ___)| |_)| | | | | || (_| |  ) ) ) )
  '  |____| .__|_| |_|_| |_\__, | / / / /
 =========|_|==============|___/=/_/_/_/
 :: Spring Boot ::                (v3.2.9)

2025-04-10T03:59:05.179+02:00  INFO 3068 --- [discovery-service] [           main] c.a.discovery.DiscoveryApplicationTests  : Starting DiscoveryApplicationTests using Java 17.0.12 with PID 3068 (started by DELL in C:\Users\DELL\Desktop\microservices\m\discovery)
2025-04-10T03:59:05.182+02:00  INFO 3068 --- [discovery-service] [           main] c.a.discovery.DiscoveryApplicationTests  : No active profile set, falling back to 1 default profile: "default"
2025-04-10T03:59:05.218+02:00  INFO 3068 --- [discovery-service] [           main] o.s.c.c.c.ConfigServerConfigDataLoader   : Fetching config from server at : http://localhost:8888
2025-04-10T03:59:05.218+02:00  INFO 3068 --- [discovery-service] [           main] o.s.c.c.c.ConfigServerConfigDataLoader   : Located environment: name=discovery-service, profiles=[default], label=null, version=null, state=null
2025-04-10T03:59:06.431+02:00  INFO 3068 --- [discovery-service] [           main] o.s.cloud.context.scope.GenericScope     : BeanFactory id=773de353-9274-3333-80d4-dccadc1b5807
2025-04-10T03:59:06.538+02:00  WARN 3068 --- [discovery-service] [           main] trationDelegate$BeanPostProcessorChecker : Bean 'org.springframework.cloud.client.loadbalancer.LoadBalancerAutoConfiguration$DeferringLoadBalancerInterceptorConfig' of type [org.springframework.cloud.client.loadbalancer.LoadBalancerAutoConfiguration$DeferringLoadBalancerInterceptorConfig] is not eligible for getting processed by all BeanPostProcessors (for example: not eligible for auto-proxying). The currently created BeanPostProcessor [lbRestClientPostProcessor] is declared through a non-static factory method on that class; consider declaring it as static instead.
2025-04-10T03:59:06.541+02:00  WARN 3068 --- [discovery-service] [           main] trationDelegate$BeanPostProcessorChecker : Bean 'deferringLoadBalancerInterceptor' of type [org.springframework.cloud.client.loadbalancer.DeferringLoadBalancerInterceptor] is not eligible for getting processed by all BeanPostProcessors (for example: not eligible for auto-proxying). Is this bean getting eagerly injected into a currently created BeanPostProcessor [lbRestClientPostProcessor]? Check the corresponding BeanPostProcessor declaration and its dependencies.
2025-04-10T03:59:08.435+02:00  WARN 3068 --- [discovery-service] [           main] iguration$LoadBalancerCaffeineWarnLogger : Spring Cloud LoadBalancer is currently working with the default cache. While this cache implementation is useful for development and tests, it's recommended to use Caffeine cache in production.You can switch to using Caffeine cache, by adding it and org.springframework.cache.caffeine.CaffeineCacheManager to the classpath.
2025-04-10T03:59:08.721+02:00  INFO 3068 --- [discovery-service] [           main] o.s.c.n.eureka.InstanceInfoFactory       : Setting initial instance status as: STARTING
2025-04-10T03:59:08.746+02:00  INFO 3068 --- [discovery-service] [           main] com.netflix.discovery.DiscoveryClient    : Initializing Eureka in region us-east-1
2025-04-10T03:59:08.748+02:00  INFO 3068 --- [discovery-service] [           main] com.netflix.discovery.DiscoveryClient    : Client configured to neither register nor query for data.
2025-04-10T03:59:08.749+02:00  INFO 3068 --- [discovery-service] [           main] com.netflix.discovery.DiscoveryClient    : Discovery Client initialized at timestamp 1744250348749 with initial instances count: 0
2025-04-10T03:59:08.844+02:00  INFO 3068 --- [discovery-service] [           main] c.n.eureka.DefaultEurekaServerContext    : Initializing ...
2025-04-10T03:59:08.847+02:00  WARN 3068 --- [discovery-service] [           main] c.n.eureka.cluster.PeerEurekaNodes       : The replica size seems to be empty. Check the route 53 DNS Registry
2025-04-10T03:59:08.878+02:00  INFO 3068 --- [discovery-service] [           main] c.n.e.registry.AbstractInstanceRegistry  : Finished initializing remote region registries. All known remote regions: []
2025-04-10T03:59:08.878+02:00  INFO 3068 --- [discovery-service] [           main] c.n.eureka.DefaultEurekaServerContext    : Initialized
2025-04-10T03:59:09.204+02:00  INFO 3068 --- [discovery-service] [           main] o.s.b.a.e.web.EndpointLinksResolver      : Exposing 1 endpoint(s) beneath base path '/actuator'
2025-04-10T03:59:09.356+02:00  INFO 3068 --- [discovery-service] [           main] o.s.c.n.e.s.EurekaServiceRegistry        : Registering application DISCOVERY-SERVICE with eureka with status UP
2025-04-10T03:59:09.417+02:00  INFO 3068 --- [discovery-service] [      Thread-10] o.s.c.n.e.server.EurekaServerBootstrap   : isAws returned false
2025-04-10T03:59:09.418+02:00  INFO 3068 --- [discovery-service] [      Thread-10] o.s.c.n.e.server.EurekaServerBootstrap   : Initialized server context
2025-04-10T03:59:09.419+02:00  INFO 3068 --- [discovery-service] [      Thread-10] c.n.e.r.PeerAwareInstanceRegistryImpl    : Got 1 instances from neighboring DS node
2025-04-10T03:59:09.419+02:00  INFO 3068 --- [discovery-service] [      Thread-10] c.n.e.r.PeerAwareInstanceRegistryImpl    : Renew threshold is: 1
2025-04-10T03:59:09.419+02:00  INFO 3068 --- [discovery-service] [      Thread-10] c.n.e.r.PeerAwareInstanceRegistryImpl    : Changing status to UP
2025-04-10T03:59:09.431+02:00  INFO 3068 --- [discovery-service] [      Thread-10] e.s.EurekaServerInitializerConfiguration : Started Eureka Server
2025-04-10T03:59:09.448+02:00  INFO 3068 --- [discovery-service] [           main] c.a.discovery.DiscoveryApplicationTests  : Started DiscoveryApplicationTests in 5.427 seconds (process running for 6.518)
]]></system-out>
  </testcase>
</testsuite>